▶ INFO  11:34:03.885 [background-preinit] org.hibernate.validator.internal.util.Version[<clinit>:21] - HV000001: Hibernate Validator 6.2.3.Final
▶ INFO  11:34:03.887 [main] com.mfort.user.UserManagementApplication[logStarting:55] - Starting UserManagementApplication using Java 1.8.0_345 on gimminseung-ui-MacBookPro.local with PID 1939 (/Users/kms/workspace/mfort-user-management-spring/build/classes/java/main started by kms in /Users/kms/workspace/mfort-user-management-spring)
▶ INFO  11:34:03.888 [main] com.mfort.user.UserManagementApplication[logStartupProfileInfo:645] - No active profile set, falling back to 1 default profile: "default"
▶ INFO  11:34:04.311 [main] org.springframework.data.repository.config.RepositoryConfigurationDelegate[registerRepositoriesIn:132] - Bootstrapping Spring Data JPA repositories in DEFAULT mode.
▶ INFO  11:34:04.345 [main] org.springframework.data.repository.config.RepositoryConfigurationDelegate[registerRepositoriesIn:201] - Finished Spring Data repository scanning in 29 ms. Found 3 JPA repository interfaces.
▶ INFO  11:34:04.721 [main] org.springframework.boot.web.embedded.tomcat.TomcatWebServer[initialize:108] - Tomcat initialized with port(s): 8080 (http)
▶ INFO  11:34:04.727 [main] org.apache.coyote.http11.Http11NioProtocol[log:173] - Initializing ProtocolHandler ["http-nio-8080"]
▶ INFO  11:34:04.727 [main] org.apache.catalina.core.StandardService[log:173] - Starting service [Tomcat]
▶ INFO  11:34:04.727 [main] org.apache.catalina.core.StandardEngine[log:173] - Starting Servlet engine: [Apache Tomcat/9.0.63]
▶ INFO  11:34:04.778 [main] org.apache.catalina.core.ContainerBase.[Tomcat].[localhost].[/][log:173] - Initializing Spring embedded WebApplicationContext
▶ INFO  11:34:04.778 [main] org.springframework.boot.web.servlet.context.ServletWebServerApplicationContext[prepareWebApplicationContext:290] - Root WebApplicationContext: initialization completed in 860 ms
▶ INFO  11:34:04.862 [main] com.zaxxer.hikari.HikariDataSource[getConnection:110] - HikariPool-1 - Starting...
▶ INFO  11:34:04.905 [main] com.zaxxer.hikari.HikariDataSource[getConnection:123] - HikariPool-1 - Start completed.
▶ INFO  11:34:04.944 [main] org.hibernate.jpa.internal.util.LogHelper[logPersistenceUnitInformation:31] - HHH000204: Processing PersistenceUnitInfo [name: default]
▶ INFO  11:34:04.968 [main] org.hibernate.Version[logVersion:44] - HHH000412: Hibernate ORM core version 5.6.9.Final
▶ INFO  11:34:05.056 [main] org.hibernate.annotations.common.Version[<clinit>:56] - HCANN000001: Hibernate Commons Annotations {5.1.2.Final}
▶ INFO  11:34:05.118 [main] org.hibernate.dialect.Dialect[<init>:175] - HHH000400: Using dialect: org.hibernate.dialect.MariaDB106Dialect
▶ WARN  11:34:05.311 [main] Hibernate Types[validatePropertyType:215] - The class com.mfort.user.model.vo.Children class should override both the equals and hashCode methods based on the JSON object value it represents!
▶ INFO  11:34:05.501 [main] org.hibernate.engine.transaction.jta.platform.internal.JtaPlatformInitiator[initiateService:52] - HHH000490: Using JtaPlatform implementation: [org.hibernate.engine.transaction.jta.platform.internal.NoJtaPlatform]
▶ INFO  11:34:05.506 [main] org.springframework.orm.jpa.LocalContainerEntityManagerFactoryBean[buildNativeEntityManagerFactory:437] - Initialized JPA EntityManagerFactory for persistence unit 'default'
▶ INFO  11:34:05.988 [main] org.springframework.security.web.DefaultSecurityFilterChain[<init>:55] - Will secure any request with [org.springframework.security.web.context.request.async.WebAsyncManagerIntegrationFilter@4be12f6c, org.springframework.security.web.context.SecurityContextPersistenceFilter@d84418a, org.springframework.security.web.header.HeaderWriterFilter@19faedcc, org.springframework.security.web.authentication.logout.LogoutFilter@75ed7512, com.mfort.user.filter.JwtAuthenticationFilter@52cb52bd, org.springframework.security.web.savedrequest.RequestCacheAwareFilter@ec5f944, org.springframework.security.web.servletapi.SecurityContextHolderAwareRequestFilter@74eec640, org.springframework.security.web.authentication.AnonymousAuthenticationFilter@1d1c37d5, org.springframework.security.web.session.SessionManagementFilter@266da047, org.springframework.security.web.access.ExceptionTranslationFilter@1c2dd89b, org.springframework.security.web.access.intercept.FilterSecurityInterceptor@2905b568]
▶ WARN  11:34:06.034 [main] org.springframework.boot.autoconfigure.orm.jpa.JpaBaseConfiguration$JpaWebConfiguration[openEntityManagerInViewInterceptor:219] - spring.jpa.open-in-view is enabled by default. Therefore, database queries may be performed during view rendering. Explicitly configure spring.jpa.open-in-view to disable this warning
▶ INFO  11:34:06.218 [main] org.apache.coyote.http11.Http11NioProtocol[log:173] - Starting ProtocolHandler ["http-nio-8080"]
▶ INFO  11:34:06.232 [main] org.springframework.boot.web.embedded.tomcat.TomcatWebServer[start:220] - Tomcat started on port(s): 8080 (http) with context path ''
▶ INFO  11:34:06.239 [main] com.mfort.user.UserManagementApplication[logStarted:61] - Started UserManagementApplication in 2.712 seconds (JVM running for 2.981)
▶ INFO  11:34:09.837 [http-nio-8080-exec-2] org.apache.catalina.core.ContainerBase.[Tomcat].[localhost].[/][log:173] - Initializing Spring DispatcherServlet 'dispatcherServlet'
▶ INFO  11:34:09.838 [http-nio-8080-exec-2] org.springframework.web.servlet.DispatcherServlet[initServletBean:525] - Initializing Servlet 'dispatcherServlet'
▶ INFO  11:34:09.839 [http-nio-8080-exec-2] org.springframework.web.servlet.DispatcherServlet[initServletBean:547] - Completed initialization in 1 ms
▶ INFO  11:34:18.876 [http-nio-8080-exec-3] org.hibernate.dialect.Dialect[<init>:175] - HHH000400: Using dialect: org.hibernate.dialect.MariaDB106Dialect
▶ INFO  11:34:33.296 [SpringApplicationShutdownHook] org.springframework.orm.jpa.LocalContainerEntityManagerFactoryBean[destroy:651] - Closing JPA EntityManagerFactory for persistence unit 'default'
▶ INFO  11:34:33.297 [SpringApplicationShutdownHook] com.zaxxer.hikari.HikariDataSource[close:350] - HikariPool-1 - Shutdown initiated...
▶ INFO  11:34:33.300 [SpringApplicationShutdownHook] com.zaxxer.hikari.HikariDataSource[close:352] - HikariPool-1 - Shutdown completed.
